<?xml version="1.0" encoding="UTF-8"?>
<!-- Generated by org.testng.reporters.JUnitXMLReporter -->
<testsuite hostname="DESKTOP-RUAD0RO" ignored="2" name="Default test" tests="1" failures="0" timestamp="13 Sep 2020 13:44:31 GMT" time="19.906" errors="0">
  <testcase name="loginWithValidCredentails" time="6.761" classname="com.orangeHrm.testCases.LoginTest"/>
  <testcase name="invalidPasswordLogin" time="0.0" classname="com.orangeHrm.testCases.LoginTest">
    <ignored/>
  </testcase> <!-- invalidPasswordLogin -->
  <testcase name="invalidTestData" time="0.0" classname="com.orangeHrm.testCases.LoginTest">
    <ignored/>
  </testcase> <!-- invalidTestData -->
</testsuite> <!-- Default test -->
