<?xml version="1.0" encoding="UTF-8"?>
<!-- Generated by org.testng.reporters.JUnitXMLReporter -->
<testsuite hostname="DESKTOP-RUAD0RO" ignored="2" name="Regression Test" tests="4" failures="4" timestamp="13 Sep 2020 13:47:33 GMT" time="2.272" errors="0">
  <testcase name="invalidTestData" time="0.022" classname="com.orangeHrm.testCases.LoginTest">
    <failure type="java.lang.NullPointerException">
      <![CDATA[java.lang.NullPointerException
at com.orangeHrm.testCases.LoginTest.invalidTestData(LoginTest.java:53)
... Removed 25 stack frames]]>
    </failure>
  </testcase> <!-- invalidTestData -->
  <testcase name="invalidTestData" time="0.012" classname="com.orangeHrm.testCases.LoginTest">
    <failure type="java.lang.NullPointerException">
      <![CDATA[java.lang.NullPointerException
at com.orangeHrm.testCases.LoginTest.invalidTestData(LoginTest.java:53)
... Removed 25 stack frames]]>
    </failure>
  </testcase> <!-- invalidTestData -->
  <testcase name="invalidTestData" time="0.002" classname="com.orangeHrm.testCases.LoginTest">
    <failure type="java.lang.NullPointerException">
      <![CDATA[java.lang.NullPointerException
at com.orangeHrm.testCases.LoginTest.invalidTestData(LoginTest.java:53)
... Removed 25 stack frames]]>
    </failure>
  </testcase> <!-- invalidTestData -->
  <testcase name="invalidTestData" time="0.008" classname="com.orangeHrm.testCases.LoginTest">
    <failure type="java.lang.NullPointerException">
      <![CDATA[java.lang.NullPointerException
at com.orangeHrm.testCases.LoginTest.invalidTestData(LoginTest.java:53)
... Removed 25 stack frames]]>
    </failure>
  </testcase> <!-- invalidTestData -->
  <testcase name="invalidPasswordLogin" time="0.0" classname="com.orangeHrm.testCases.LoginTest">
    <ignored/>
  </testcase> <!-- invalidPasswordLogin -->
  <testcase name="loginWithValidCredentails" time="0.0" classname="com.orangeHrm.testCases.LoginTest">
    <ignored/>
  </testcase> <!-- loginWithValidCredentails -->
</testsuite> <!-- Regression Test -->
