<?xml version="1.0" encoding="UTF-8"?>
<!-- Generated by org.testng.reporters.JUnitXMLReporter -->
<testsuite hostname="DESKTOP-RUAD0RO" ignored="2" name="Test" tests="1" failures="0" timestamp="20 Sep 2020 14:59:18 GMT" time="21.916" errors="0">
  <testcase name="loginWithValidCredentails" time="6.034" classname="com.orangeHrm.testCases.LoginTest"/>
  <testcase name="invalidPasswordLogin" time="0.0" classname="com.orangeHrm.testCases.LoginTest">
    <ignored/>
  </testcase> <!-- invalidPasswordLogin -->
  <testcase name="invalidTestData" time="0.0" classname="com.orangeHrm.testCases.LoginTest">
    <ignored/>
  </testcase> <!-- invalidTestData -->
</testsuite> <!-- Test -->
