<?xml version="1.0" encoding="UTF-8"?>
<!-- Generated by org.testng.reporters.JUnitXMLReporter -->
<testsuite hostname="DESKTOP-RUAD0RO" ignored="1" name="Test" tests="5" failures="0" timestamp="13 Sep 2020 14:12:26 GMT" time="83.471" errors="0">
  <testcase name="loginWithValidCredentails" time="6.57" classname="com.orangeHrm.testCases.LoginTest"/>
  <testcase name="invalidTestData" time="4.764" classname="com.orangeHrm.testCases.LoginTest"/>
  <testcase name="invalidTestData" time="4.928" classname="com.orangeHrm.testCases.LoginTest"/>
  <testcase name="invalidTestData" time="3.669" classname="com.orangeHrm.testCases.LoginTest"/>
  <testcase name="invalidTestData" time="3.762" classname="com.orangeHrm.testCases.LoginTest"/>
  <testcase name="invalidPasswordLogin" time="0.0" classname="com.orangeHrm.testCases.LoginTest">
    <ignored/>
  </testcase> <!-- invalidPasswordLogin -->
</testsuite> <!-- Test -->
