<?xml version="1.0" encoding="UTF-8"?>
<testng-results skipped="0" failed="0" ignored="1" total="6" passed="5">
  <reporter-output>
  </reporter-output>
  <suite name="Suite" duration-ms="83471" started-at="2020-09-13T14:11:03Z" finished-at="2020-09-13T14:12:26Z">
    <groups>
      <group name="regression">
        <method signature="LoginTest.invalidTestData(java.lang.String, java.lang.String, java.lang.String)[pri:3, instance:com.orangeHrm.testCases.LoginTest@61a485d2]" name="invalidTestData" class="com.orangeHrm.testCases.LoginTest"/>
      </group> <!-- regression -->
      <group name="sanity">
        <method signature="LoginTest.loginWithValidCredentails()[pri:1, instance:com.orangeHrm.testCases.LoginTest@61a485d2]" name="loginWithValidCredentails" class="com.orangeHrm.testCases.LoginTest"/>
      </group> <!-- sanity -->
    </groups>
    <test name="Test" duration-ms="83471" started-at="2020-09-13T14:11:03Z" finished-at="2020-09-13T14:12:26Z">
      <class name="com.orangeHrm.testCases.LoginTest">
        <test-method status="PASS" signature="setUp()[pri:0, instance:com.orangeHrm.testCases.LoginTest@61a485d2]" name="setUp" is-config="true" duration-ms="13681" started-at="2020-09-13T14:11:03Z" finished-at="2020-09-13T14:11:16Z">
          <reporter-output>
          </reporter-output>
        </test-method> <!-- setUp -->
        <test-method status="PASS" signature="loginWithValidCredentails()[pri:1, instance:com.orangeHrm.testCases.LoginTest@61a485d2]" name="loginWithValidCredentails" duration-ms="6570" started-at="2020-09-13T14:11:16Z" finished-at="2020-09-13T14:11:23Z">
          <reporter-output>
          </reporter-output>
        </test-method> <!-- loginWithValidCredentails -->
        <test-method status="PASS" signature="tearDown()[pri:0, instance:com.orangeHrm.testCases.LoginTest@61a485d2]" name="tearDown" is-config="true" duration-ms="985" started-at="2020-09-13T14:11:23Z" finished-at="2020-09-13T14:11:24Z">
          <reporter-output>
          </reporter-output>
        </test-method> <!-- tearDown -->
        <test-method status="PASS" signature="setUp()[pri:0, instance:com.orangeHrm.testCases.LoginTest@61a485d2]" name="setUp" is-config="true" duration-ms="10227" started-at="2020-09-13T14:11:25Z" finished-at="2020-09-13T14:11:36Z">
          <reporter-output>
          </reporter-output>
        </test-method> <!-- setUp -->
        <test-method status="PASS" signature="invalidTestData(java.lang.String, java.lang.String, java.lang.String)[pri:3, instance:com.orangeHrm.testCases.LoginTest@61a485d2]" name="invalidTestData" duration-ms="4764" started-at="2020-09-13T14:11:36Z" data-provider="userDataFromExcel" finished-at="2020-09-13T14:11:40Z">
          <params>
            <param index="0">
              <value>
                <![CDATA[admin]]>
              </value>
            </param>
            <param index="1">
              <value>
                <![CDATA[admin456]]>
              </value>
            </param>
            <param index="2">
              <value>
                <![CDATA[Invalid credentials]]>
              </value>
            </param>
          </params>
          <reporter-output>
          </reporter-output>
        </test-method> <!-- invalidTestData -->
        <test-method status="PASS" signature="tearDown()[pri:0, instance:com.orangeHrm.testCases.LoginTest@61a485d2]" name="tearDown" is-config="true" duration-ms="920" started-at="2020-09-13T14:11:40Z" finished-at="2020-09-13T14:11:41Z">
          <reporter-output>
          </reporter-output>
        </test-method> <!-- tearDown -->
        <test-method status="PASS" signature="setUp()[pri:0, instance:com.orangeHrm.testCases.LoginTest@61a485d2]" name="setUp" is-config="true" duration-ms="9592" started-at="2020-09-13T14:11:41Z" finished-at="2020-09-13T14:11:51Z">
          <reporter-output>
          </reporter-output>
        </test-method> <!-- setUp -->
        <test-method status="PASS" signature="invalidTestData(java.lang.String, java.lang.String, java.lang.String)[pri:3, instance:com.orangeHrm.testCases.LoginTest@61a485d2]" name="invalidTestData" duration-ms="4928" started-at="2020-09-13T14:11:51Z" data-provider="userDataFromExcel" finished-at="2020-09-13T14:11:56Z">
          <params>
            <param index="0">
              <value>
                <![CDATA[admin768]]>
              </value>
            </param>
            <param index="1">
              <value>
                <![CDATA[admin123]]>
              </value>
            </param>
            <param index="2">
              <value>
                <![CDATA[Invalid credentials]]>
              </value>
            </param>
          </params>
          <reporter-output>
          </reporter-output>
        </test-method> <!-- invalidTestData -->
        <test-method status="PASS" signature="tearDown()[pri:0, instance:com.orangeHrm.testCases.LoginTest@61a485d2]" name="tearDown" is-config="true" duration-ms="928" started-at="2020-09-13T14:11:56Z" finished-at="2020-09-13T14:11:57Z">
          <reporter-output>
          </reporter-output>
        </test-method> <!-- tearDown -->
        <test-method status="PASS" signature="setUp()[pri:0, instance:com.orangeHrm.testCases.LoginTest@61a485d2]" name="setUp" is-config="true" duration-ms="10188" started-at="2020-09-13T14:11:57Z" finished-at="2020-09-13T14:12:07Z">
          <reporter-output>
          </reporter-output>
        </test-method> <!-- setUp -->
        <test-method status="PASS" signature="invalidTestData(java.lang.String, java.lang.String, java.lang.String)[pri:3, instance:com.orangeHrm.testCases.LoginTest@61a485d2]" name="invalidTestData" duration-ms="3669" started-at="2020-09-13T14:12:07Z" data-provider="userDataFromExcel" finished-at="2020-09-13T14:12:11Z">
          <params>
            <param index="0">
              <value>
                <![CDATA[]]>
              </value>
            </param>
            <param index="1">
              <value>
                <![CDATA[admin123]]>
              </value>
            </param>
            <param index="2">
              <value>
                <![CDATA[Username cannot be empty]]>
              </value>
            </param>
          </params>
          <reporter-output>
          </reporter-output>
        </test-method> <!-- invalidTestData -->
        <test-method status="PASS" signature="tearDown()[pri:0, instance:com.orangeHrm.testCases.LoginTest@61a485d2]" name="tearDown" is-config="true" duration-ms="1394" started-at="2020-09-13T14:12:11Z" finished-at="2020-09-13T14:12:12Z">
          <reporter-output>
          </reporter-output>
        </test-method> <!-- tearDown -->
        <test-method status="PASS" signature="setUp()[pri:0, instance:com.orangeHrm.testCases.LoginTest@61a485d2]" name="setUp" is-config="true" duration-ms="9403" started-at="2020-09-13T14:12:12Z" finished-at="2020-09-13T14:12:21Z">
          <reporter-output>
          </reporter-output>
        </test-method> <!-- setUp -->
        <test-method status="PASS" signature="invalidTestData(java.lang.String, java.lang.String, java.lang.String)[pri:3, instance:com.orangeHrm.testCases.LoginTest@61a485d2]" name="invalidTestData" duration-ms="3762" started-at="2020-09-13T14:12:21Z" data-provider="userDataFromExcel" finished-at="2020-09-13T14:12:25Z">
          <params>
            <param index="0">
              <value>
                <![CDATA[admin]]>
              </value>
            </param>
            <param index="1">
              <value>
                <![CDATA[]]>
              </value>
            </param>
            <param index="2">
              <value>
                <![CDATA[Password cannot be empty]]>
              </value>
            </param>
          </params>
          <reporter-output>
          </reporter-output>
        </test-method> <!-- invalidTestData -->
        <test-method status="PASS" signature="tearDown()[pri:0, instance:com.orangeHrm.testCases.LoginTest@61a485d2]" name="tearDown" is-config="true" duration-ms="866" started-at="2020-09-13T14:12:25Z" finished-at="2020-09-13T14:12:26Z">
          <reporter-output>
          </reporter-output>
        </test-method> <!-- tearDown -->
      </class> <!-- com.orangeHrm.testCases.LoginTest -->
    </test> <!-- Test -->
  </suite> <!-- Suite -->
</testng-results>
